CachingBackend: Loading instances from cache
CachingBackend: Loading <CPUMeter1>
Creating new entry for CPUMeterScreenlet in /tmp/screenlets/screenlets.running
Loading instances in: /home/davep/.config/Screenlets/CPUMeter/default/
File: CPUMeter1.ini
Creating new instance: 
UPDATING SHAPE
theme.conf found! Loading option-overrides.
theme.conf loaded: 
Name: default-theme (red)
Author: RYX (Rico Pfaus)
Version: 1.0
Info: A glassy theme in red.
UPDATING SHAPE
Set options in CPUMeterScreenlet
theme.conf found! Loading option-overrides.
theme.conf loaded: 
Name: default-theme (red)
Author: RYX (Rico Pfaus)
Version: 1.0
Info: A glassy theme in red.
UPDATING SHAPE
Restored instances from session 'default' ...
CachingBackend: Saving <#CPUMeter1> :) ...
OK
CachingBackend: Saving <#CPUMeter1> :) ...
OK
UPDATING SHAPE
CachingBackend: Saving <#CPUMeter1> :) ...
OK
/home/davep/.screenlets/CPUMeter/themes
Path /home/davep/.screenlets/CPUMeter/themes not found.
/usr/share/screenlets/CPUMeter/themes
active theme is: default
theme.conf found! Loading option-overrides.
theme.conf loaded: 
Name: default-theme (blue)
Author: RYX (Rico Pfaus)
Version: 1.0
Info: A glassy theme in blue.
UPDATING SHAPE
theme.conf found! Loading option-overrides.
theme.conf loaded: 
Name: CPU-theme
Author: RYX (Rico Pfaus)
Version: 1.0
Info: A CPU, looked at from above.
CachingBackend: Saving <#CPUMeter1> :) ...
OK
Override: text_suffix
Override: text_y
Override: scale
Override: text_x
Override: text_prefix
UPDATING SHAPE
UPDATING SHAPE
CachingBackend: Saving <#CPUMeter1> :) ...
OK
Changed: keep_above
CachingBackend: Saving <#CPUMeter1> :) ...
OK
UPDATING SHAPE
CachingBackend: Saving <#CPUMeter1> :) ...
OK
CachingBackend: Saving <#CPUMeter1> :) ...
OK
CachingBackend: Saving <#CPUMeter1> :) ...
OK
Removing entry for CPUMeterScreenlet from global tempfile /tmp/screenlets/screenlets.running
