CachingBackend: Loading instances from cache
Creating new entry for FlowerScreenlet in /tmp/screenlets/screenlets.running
Loading instances in: /home/davep/.config/Screenlets/Flower/default/
No instance(s) found in session-path, creating new one.
UPDATING SHAPE
UPDATING SHAPE
CachingBackend: Saving <#Flower1> :) ...
OK
CachingBackend: Saving <#Flower1> :) ...
OK
give_water
CachingBackend: Saving <#Flower1> :) ...
OK
option:widget
CachingBackend: Saving <#Flower1> :) ...
OK
Status check
water today 0
Water check passed
UPDATING SHAPE
CachingBackend: Saving <#Flower1> :) ...
OK
